18:40:02.959 [main] INFO  org.testng.internal.Utils = [Utils] MethodGroupsHelper.sortMethods() took 1 ms.
18:40:02.970 [main] INFO  org.testng.internal.Utils = [Utils] MethodGroupsHelper.collectMethodsByGroup() took 0 ms.
18:40:02.971 [main] INFO  org.testng.internal.Utils = [Utils] MethodGroupsHelper.sortMethods() took 0 ms.
18:40:02.971 [main] INFO  org.testng.internal.Utils = [Utils] MethodGroupsHelper.collectMethodsByGroup() took 0 ms.
18:40:02.972 [main] INFO  org.testng.internal.Utils = [Utils] MethodGroupsHelper.sortMethods() took 0 ms.
18:40:02.972 [main] INFO  org.testng.internal.Utils = [Utils] MethodGroupsHelper.collectMethodsByGroup() took 0 ms.
18:40:02.972 [main] INFO  org.testng.internal.Utils = [Utils] MethodGroupsHelper.sortMethods() took 0 ms.
18:40:02.979 [main] INFO  org.testng.internal.Utils = [Utils] MethodGroupsHelper.collectMethodsByGroup() took 4 ms.
18:40:03.008 [main] INFO  org.testng.internal.Utils = [Utils] MethodGroupsHelper.sortMethods() took 29 ms.
18:40:03.010 [main] INFO  org.testng.internal.Utils = [Utils] MethodGroupsHelper.collectMethodsByGroup() took 0 ms.
18:40:03.011 [main] INFO  org.testng.internal.Utils = [Utils] MethodGroupsHelper.sortMethods() took 1 ms.
18:40:03.012 [main] INFO  org.testng.internal.Utils = [Utils] MethodGroupsHelper.collectMethodsByGroup() took 0 ms.
18:40:03.012 [main] INFO  org.testng.internal.Utils = [Utils] MethodGroupsHelper.sortMethods() took 0 ms.
18:40:03.012 [main] INFO  org.testng.internal.Utils = [Utils] MethodGroupsHelper.collectMethodsByGroup() took 0 ms.
18:40:03.013 [main] INFO  org.testng.internal.Utils = [Utils] MethodGroupsHelper.sortMethods() took 0 ms.
18:40:03.015 [main] INFO  org.testng.internal.Utils = [Utils] MethodGroupsHelper.collectMethodsByGroup() took 0 ms.
18:40:03.015 [main] INFO  org.testng.internal.Utils = [Utils] MethodGroupsHelper.sortMethods() took 0 ms.
18:40:03.016 [main] INFO  org.testng.internal.Utils = [Utils] MethodGroupsHelper.collectMethodsByGroup() took 0 ms.
18:40:03.016 [main] INFO  org.testng.internal.Utils = [Utils] MethodGroupsHelper.sortMethods() took 0 ms.
18:40:03.020 [main] INFO  org.testng.internal.Utils = [Utils] MethodGroupsHelper.collectMethodsByGroup() took 0 ms.
18:40:03.020 [main] INFO  org.testng.internal.Utils = [Utils] MethodGroupsHelper.sortMethods() took 0 ms.
18:40:03.020 [main] INFO  org.testng.internal.Utils = [Utils] MethodGroupsHelper.collectMethodsByGroup() took 0 ms.
18:40:03.021 [main] INFO  org.testng.internal.Utils = [Utils] MethodGroupsHelper.sortMethods() took 0 ms.
18:40:03.022 [main] INFO  org.testng.internal.Utils = [Utils] MethodGroupsHelper.collectMethodsByGroup() took 1 ms.
18:40:03.023 [main] INFO  org.testng.internal.Utils = [Utils] MethodGroupsHelper.sortMethods() took 1 ms.
18:40:03.025 [main] INFO  org.testng.internal.Utils = [Utils] MethodGroupsHelper.collectMethodsByGroup() took 0 ms.
18:40:03.025 [main] INFO  org.testng.internal.Utils = [Utils] MethodGroupsHelper.sortMethods() took 0 ms.
18:40:03.025 [main] INFO  org.testng.internal.Utils = [Utils] MethodGroupsHelper.collectMethodsByGroup() took 0 ms.
18:40:03.026 [main] INFO  org.testng.internal.Utils = [Utils] MethodGroupsHelper.sortMethods() took 0 ms.
18:40:03.038 [main] INFO  org.testng.internal.Utils = [TestNG] Running:
  C:\Users\admin\AppData\Local\Temp\testng-eclipse-1001867900\testng-customsuite.xml

18:40:03.064 [main] INFO  org.testng.internal.Utils = [Utils] DynamicGraphHelper.createDynamicGraph() took 7 ms.
18:40:09.293 [main] INFO  testCases.TC001_AccountRegistration = starting test case for account registration
18:40:12.441 [main] INFO  testCases.TC001_AccountRegistration = clicked on account link
18:40:14.070 [main] INFO  testCases.TC001_AccountRegistration = clicked on register link
18:40:16.781 [main] INFO  testCases.TC001_AccountRegistration = providing new user details
18:40:23.419 [main] INFO  testCases.TC001_AccountRegistration = validated account created message
18:40:23.471 [main] ERROR testCases.TC001_AccountRegistration = test failed
18:40:24.307 [main] INFO  org.testng.internal.Utils = [TestNG] Time taken by org.testng.reporters.jq.Main@4aedaf61: 145 ms
18:40:24.341 [main] INFO  org.testng.internal.Utils = [TestNG] Time taken by org.testng.reporters.FailedReporter@1846579f: 34 ms
18:40:24.362 [main] INFO  org.testng.internal.Utils = [TestNG] Time taken by org.testng.reporters.XMLReporter@54657dd2: 21 ms
18:40:24.379 [main] INFO  org.testng.internal.Utils = [TestNG] Time taken by org.testng.reporters.EmailableReporter2@350a94ce: 17 ms
18:40:24.395 [main] INFO  org.testng.internal.Utils = [TestNG] Time taken by org.testng.reporters.JUnitReportReporter@5fbdc49b: 16 ms
18:40:24.395 [main] INFO  org.testng.internal.Utils = [TestNG] Time taken by org.testng.internal.ExitCodeListener@65753040: 0 ms
18:56:09.510 [main] INFO  org.testng.internal.Utils = [TestNG] Running:
  C:\AutomationWorkspace\HyBridFramework\MultiOS.xml

18:56:09.622 [main] INFO  testCases.TC001_AccountRegistration = starting test case for account registration
