17:24:54.884 [main] INFO  testCases.TC001_AccountRegistration = starting test case for account registration
17:24:59.331 [main] INFO  testCases.TC001_AccountRegistration = clicked on account link
17:25:00.557 [main] INFO  testCases.TC001_AccountRegistration = clicked on register link
17:25:03.499 [main] INFO  testCases.TC001_AccountRegistration = providing new user details
17:25:11.349 [main] INFO  testCases.TC001_AccountRegistration = validated account created message
17:25:11.459 [main] INFO  testCases.TC001_AccountRegistration = Account registration test case completed
17:25:37.703 [main] INFO  testCases.TC001_AccountRegistration = starting test case for account registration
17:25:42.076 [main] INFO  testCases.TC001_AccountRegistration = clicked on account link
17:25:43.739 [main] INFO  testCases.TC001_AccountRegistration = clicked on register link
17:25:46.052 [main] INFO  testCases.TC001_AccountRegistration = providing new user details
17:25:52.339 [main] INFO  testCases.TC001_AccountRegistration = validated account created message
17:25:52.661 [main] INFO  testCases.TC001_AccountRegistration = Account registration test case completed
17:58:47.277 [main] INFO  testCases.TC001_AccountRegistration = starting test case for account registration
17:58:49.948 [main] INFO  testCases.TC001_AccountRegistration = clicked on account link
17:58:51.721 [main] INFO  testCases.TC001_AccountRegistration = clicked on register link
17:58:54.038 [main] INFO  testCases.TC001_AccountRegistration = providing new user details
17:59:02.508 [main] INFO  testCases.TC001_AccountRegistration = validated account created message
17:59:02.616 [main] INFO  testCases.TC001_AccountRegistration = Account registration test case completed
18:35:10.891 [main] INFO  testCases.TC002_Login = starting test case for account login
18:35:18.174 [main] INFO  testCases.TC002_Login = clicked on account link
18:35:21.930 [main] INFO  testCases.TC002_Login = clicked on login link
18:35:28.225 [main] INFO  testCases.TC002_Login = providing credentials
18:35:36.224 [main] INFO  testCases.TC002_Login = successful login
18:38:54.856 [main] INFO  testCases.TC002_Login = starting test case for account login
18:39:00.431 [main] INFO  testCases.TC002_Login = clicked on account link
18:39:03.978 [main] INFO  testCases.TC002_Login = clicked on login link
18:39:10.076 [main] INFO  testCases.TC002_Login = providing credentials
18:39:26.171 [main] INFO  testCases.TC002_Login = successful login
22:55:45.826 [main] INFO  testCases.TC002_Login = starting test case for account login
22:55:51.209 [main] INFO  testCases.TC002_Login = clicked on account link
22:55:55.059 [main] INFO  testCases.TC002_Login = clicked on login link
22:56:01.525 [main] INFO  testCases.TC002_Login = providing credentials
22:56:09.299 [main] INFO  testCases.TC002_Login = successful login
23:00:35.128 [main] INFO  testCases.TC002_Login = starting test case for account login
23:00:40.389 [main] INFO  testCases.TC002_Login = clicked on account link
23:00:43.900 [main] INFO  testCases.TC002_Login = clicked on login link
23:00:49.360 [main] INFO  testCases.TC002_Login = providing credentials
23:00:54.189 [main] INFO  testCases.TC002_Login = successful login
